<?xml version="1.0" encoding="UTF-8"?><testsuite errors="0" failures="1" name="com.testSerenity.stories.SerenityTest1" skipped="3" tests="5" time="11.28" timestamp="2020-07-19 06:40:56"><testcase classname="com.testSerenity.stories.SerenityTest1" name="Get users information skipped"><skipped/></testcase><testcase classname="com.testSerenity.stories.SerenityTest1" name="Get users information"><failure message="1 expectation failed.&#10;Expected status code &lt;500&gt; but was &lt;200&gt;.&#10;" type="java.lang.AssertionError">1 expectation failed.
Expected status code &lt;500&gt; but was &lt;200&gt;.
</failure><system-err>1 expectation failed.
Expected status code &lt;500&gt; but was &lt;200&gt;.
&#13;
io.restassured.internal.ResponseSpecificationImpl.validateResponseIfRequired(ResponseSpecificationImpl.groovy:643)&#13;
io.restassured.internal.ResponseSpecificationImpl.statusCode(ResponseSpecificationImpl.groovy:122)&#13;
io.restassured.internal.ResponseSpecificationImpl.statusCode(ResponseSpecificationImpl.groovy:130)&#13;
io.restassured.internal.ValidatableResponseOptionsImpl.statusCode(ValidatableResponseOptionsImpl.java:117)&#13;
com.testSerenity.stories.SerenityTest1.getUsersInformation(SerenityTest1.java:35)&#13;
</system-err></testcase><testcase classname="com.testSerenity.stories.SerenityTest1" name="Get users information error"><skipped/></testcase><testcase classname="com.testSerenity.stories.SerenityTest1" name="Get users compromise"><skipped/></testcase><testcase classname="com.testSerenity.stories.SerenityTest1" name="Get pet status"/></testsuite>