<?xml version="1.0" encoding="UTF-8"?><testsuite errors="2" failures="1" name="com.testSerenity.stories.SerenityTest1" skipped="3" tests="7" time="10.34" timestamp="2020-07-19 10:26:40"><testcase classname="com.testSerenity.stories.SerenityTest1" name="Get users ignore"><skipped/></testcase><testcase classname="com.testSerenity.stories.SerenityTest1" name="Get users compromise  manual"><skipped/></testcase><testcase classname="com.testSerenity.stories.SerenityTest1" name="Get users information skipped"><skipped/></testcase><testcase classname="com.testSerenity.stories.SerenityTest1" name="Get users information"><failure message="1 expectation failed.&#10;Expected status code &lt;500&gt; but was &lt;200&gt;.&#10;" type="java.lang.AssertionError">1 expectation failed.
Expected status code &lt;500&gt; but was &lt;200&gt;.
</failure><system-err>1 expectation failed.
Expected status code &lt;500&gt; but was &lt;200&gt;.
&#13;
io.restassured.internal.ResponseSpecificationImpl.validateResponseIfRequired(ResponseSpecificationImpl.groovy:643)&#13;
io.restassured.internal.ResponseSpecificationImpl.statusCode(ResponseSpecificationImpl.groovy:122)&#13;
io.restassured.internal.ResponseSpecificationImpl.statusCode(ResponseSpecificationImpl.groovy:130)&#13;
io.restassured.internal.ValidatableResponseOptionsImpl.statusCode(ValidatableResponseOptionsImpl.java:117)&#13;
com.testSerenity.stories.SerenityTest1.getUsersInformation(SerenityTest1.java:41)&#13;
</system-err></testcase><testcase classname="com.testSerenity.stories.SerenityTest1" name="Get users information error"><error message="/ by zero" type="java.lang.ArithmeticException">/ by zero</error><system-err>/ by zero&#13;
com.testSerenity.stories.SerenityTest1.getUsersInformationError(SerenityTest1.java:54)&#13;
</system-err></testcase><testcase classname="com.testSerenity.stories.SerenityTest1" name="Get users compromise"><error message="f (El sistema no puede encontrar el archivo especificado)" type="java.io.FileNotFoundException">f (El sistema no puede encontrar el archivo especificado)</error><system-err>f (El sistema no puede encontrar el archivo especificado)&#13;
com.testSerenity.stories.SerenityTest1.getUsersCompromise(SerenityTest1.java:67)&#13;
</system-err></testcase><testcase classname="com.testSerenity.stories.SerenityTest1" name="Get pet status"/></testsuite>